Determining if the pthread_create exist failed with the following output:
Change Dir: /home/thangrollsegg/workspaces/udac_ws/myrobot/build/CMakeFiles/CMakeTmp

Run Build Command:"/usr/bin/make" "cmTC_e60db/fast"
/usr/bin/make -f CMakeFiles/cmTC_e60db.dir/build.make CMakeFiles/cmTC_e60db.dir/build
make[1]: Entering directory '/home/thangrollsegg/workspaces/udac_ws/myrobot/build/CMakeFiles/CMakeTmp'
Building C object CMakeFiles/cmTC_e60db.dir/CheckSymbolExists.c.o
/usr/bin/cc    -o CMakeFiles/cmTC_e60db.dir/CheckSymbolExists.c.o   -c /home/thangrollsegg/workspaces/udac_ws/myrobot/build/CMakeFiles/CMakeTmp/CheckSymbolExists.c
Linking C executable cmTC_e60db
/usr/bin/cmake -E cmake_link_script CMakeFiles/cmTC_e60db.dir/link.txt --verbose=1
/usr/bin/cc      -rdynamic CMakeFiles/cmTC_e60db.dir/CheckSymbolExists.c.o  -o cmTC_e60db 
CMakeFiles/cmTC_e60db.dir/CheckSymbolExists.c.o: In function `main':
CheckSymbolExists.c:(.text+0x1b): undefined reference to `pthread_create'
collect2: error: ld returned 1 exit status
CMakeFiles/cmTC_e60db.dir/build.make:97: recipe for target 'cmTC_e60db' failed
make[1]: *** [cmTC_e60db] Error 1
make[1]: Leaving directory '/home/thangrollsegg/workspaces/udac_ws/myrobot/build/CMakeFiles/CMakeTmp'
Makefile:126: recipe for target 'cmTC_e60db/fast' failed
make: *** [cmTC_e60db/fast] Error 2

File /home/thangrollsegg/workspaces/udac_ws/myrobot/build/CMakeFiles/CMakeTmp/CheckSymbolExists.c:
/* */
#include <pthread.h>

int main(int argc, char** argv)
{
  (void)argv;
#ifndef pthread_create
  return ((int*)(&pthread_create))[argc];
#else
  (void)argc;
  return 0;
#endif
}

Determining if the function pthread_create exists in the pthreads failed with the following output:
Change Dir: /home/thangrollsegg/workspaces/udac_ws/myrobot/build/CMakeFiles/CMakeTmp

Run Build Command:"/usr/bin/make" "cmTC_fff8c/fast"
/usr/bin/make -f CMakeFiles/cmTC_fff8c.dir/build.make CMakeFiles/cmTC_fff8c.dir/build
make[1]: Entering directory '/home/thangrollsegg/workspaces/udac_ws/myrobot/build/CMakeFiles/CMakeTmp'
Building C object CMakeFiles/cmTC_fff8c.dir/CheckFunctionExists.c.o
/usr/bin/cc   -DCHECK_FUNCTION_EXISTS=pthread_create   -o CMakeFiles/cmTC_fff8c.dir/CheckFunctionExists.c.o   -c /usr/share/cmake-3.10/Modules/CheckFunctionExists.c
Linking C executable cmTC_fff8c
/usr/bin/cmake -E cmake_link_script CMakeFiles/cmTC_fff8c.dir/link.txt --verbose=1
/usr/bin/cc  -DCHECK_FUNCTION_EXISTS=pthread_create    -rdynamic CMakeFiles/cmTC_fff8c.dir/CheckFunctionExists.c.o  -o cmTC_fff8c -lpthreads 
/usr/bin/ld: cannot find -lpthreads
collect2: error: ld returned 1 exit status
CMakeFiles/cmTC_fff8c.dir/build.make:97: recipe for target 'cmTC_fff8c' failed
make[1]: *** [cmTC_fff8c] Error 1
make[1]: Leaving directory '/home/thangrollsegg/workspaces/udac_ws/myrobot/build/CMakeFiles/CMakeTmp'
Makefile:126: recipe for target 'cmTC_fff8c/fast' failed
make: *** [cmTC_fff8c/fast] Error 2


